SF:lib\const\validator.dart
DA:9,1
DA:11,1
DA:14,1
DA:17,1
DA:20,1
DA:37,1
DA:39,1
DA:42,1
DA:45,1
DA:48,1
LF:10
LH:10
end_of_record
SF:lib\credentials_page.dart
DA:17,1
DA:19,0
DA:20,0
DA:29,0
DA:31,0
DA:32,0
DA:35,0
DA:37,0
DA:38,0
DA:39,0
DA:40,0
DA:41,0
DA:43,0
DA:44,0
DA:45,0
DA:46,0
DA:57,0
DA:58,0
DA:59,0
DA:60,0
DA:61,0
DA:63,0
DA:64,0
DA:65,0
DA:66,0
DA:67,0
DA:69,0
DA:70,0
DA:72,0
DA:74,0
DA:77,0
DA:78,0
DA:80,0
DA:88,0
DA:92,0
DA:93,0
DA:94,0
DA:95,0
DA:96,0
DA:97,0
DA:100,0
DA:101,0
DA:105,0
DA:106,0
DA:107,0
DA:108,0
DA:113,0
DA:114,0
DA:115,0
DA:116,0
DA:117,0
DA:118,0
DA:120,0
DA:125,0
DA:126,0
DA:127,0
DA:128,0
DA:129,0
DA:130,0
DA:132,0
DA:137,0
DA:138,0
DA:139,0
DA:140,0
DA:141,0
DA:144,0
DA:145,0
DA:146,0
DA:148,0
DA:149,0
DA:156,0
DA:157,0
DA:158,0
DA:159,0
DA:166,0
DA:167,0
DA:168,0
DA:169,0
DA:170,0
DA:171,0
DA:174,0
DA:175,0
DA:176,0
DA:177,0
DA:178,0
DA:179,0
DA:186,0
DA:187,0
DA:188,0
DA:190,0
LF:90
LH:1
end_of_record
SF:lib\main.dart
DA:29,0
DA:30,0
DA:31,0
DA:32,0
DA:33,0
DA:39,3
DA:45,1
DA:47,3
DA:48,1
DA:50,1
DA:51,1
DA:52,1
DA:54,2
DA:56,1
DA:58,2
DA:60,1
DA:62,2
DA:65,1
DA:69,1
DA:70,1
DA:75,1
DA:77,1
DA:79,1
DA:83,2
DA:84,1
DA:85,2
DA:86,1
DA:94,1
DA:100,1
DA:101,1
DA:105,1
DA:107,1
DA:108,1
DA:109,1
DA:111,1
LF:35
LH:30
end_of_record
SF:lib\provider\app_language.dart
DA:7,2
DA:10,2
DA:11,0
DA:12,0
DA:13,0
DA:16,0
DA:17,0
DA:18,0
DA:19,0
DA:22,0
DA:26,0
DA:27,0
DA:29,0
DA:33,0
DA:34,0
DA:35,0
DA:36,0
DA:37,0
DA:38,0
DA:39,0
DA:40,0
DA:41,0
DA:42,0
DA:43,0
DA:44,0
DA:47,0
LF:26
LH:2
end_of_record
SF:lib\app_router.dart
DA:7,0
DA:9,3
DA:10,0
DA:11,0
DA:12,0
DA:15,0
LF:6
LH:1
end_of_record
SF:lib\login_page.dart
DA:35,2
DA:37,1
DA:38,1
DA:60,1
DA:62,1
DA:63,2
DA:64,2
DA:65,2
DA:68,1
DA:70,4
DA:71,2
DA:72,2
DA:73,1
DA:74,0
DA:75,0
DA:76,0
DA:77,0
DA:79,1
DA:80,1
DA:82,1
DA:83,1
DA:84,1
DA:86,1
DA:87,1
DA:89,1
DA:92,1
DA:93,1
DA:94,1
DA:97,1
DA:98,1
DA:99,1
DA:100,2
DA:102,1
DA:103,1
DA:104,2
DA:106,2
DA:118,0
DA:120,0
DA:122,0
DA:125,0
DA:128,0
DA:130,0
DA:131,0
DA:133,0
DA:134,0
DA:135,0
DA:137,0
DA:138,0
DA:139,0
DA:140,0
DA:141,0
DA:142,0
DA:143,0
DA:144,0
DA:145,0
DA:146,0
DA:147,0
DA:148,0
DA:149,0
DA:150,0
DA:151,0
DA:153,0
DA:156,0
DA:157,0
DA:158,0
DA:159,0
DA:160,0
DA:161,0
DA:164,0
DA:165,0
DA:166,0
DA:167,0
DA:168,0
DA:169,0
DA:176,0
DA:182,0
DA:183,0
DA:184,0
DA:185,0
DA:186,0
DA:187,0
DA:188,0
DA:189,0
DA:190,0
DA:191,0
DA:193,0
DA:195,0
DA:196,0
DA:199,0
DA:200,0
DA:201,0
DA:202,0
DA:203,0
DA:205,0
DA:209,0
DA:210,0
DA:211,0
DA:212,0
DA:213,0
DA:214,0
DA:215,0
DA:216,0
DA:220,0
DA:221,0
DA:222,0
DA:223,0
DA:228,0
DA:229,0
DA:230,0
DA:231,0
DA:232,0
DA:233,0
DA:234,0
DA:235,0
DA:236,0
DA:237,0
DA:238,0
DA:239,0
DA:240,0
DA:244,0
DA:245,0
DA:246,0
DA:247,0
DA:249,0
DA:250,0
DA:253,0
DA:254,0
DA:256,0
DA:257,0
DA:258,0
DA:260,0
DA:264,1
DA:265,1
DA:266,1
DA:268,1
DA:269,1
DA:270,2
DA:272,1
DA:274,1
DA:275,1
DA:276,0
DA:277,0
DA:278,0
DA:279,0
DA:280,0
DA:284,1
DA:285,2
DA:287,1
DA:293,1
DA:294,1
DA:296,1
DA:297,1
DA:298,1
DA:299,1
DA:301,1
DA:302,1
DA:303,1
DA:310,1
DA:311,1
DA:312,3
DA:313,1
DA:317,0
DA:324,1
DA:325,1
DA:326,1
DA:327,1
DA:329,1
DA:331,1
DA:332,1
DA:333,1
DA:334,3
DA:335,1
DA:336,1
DA:338,1
DA:339,3
DA:340,1
DA:341,1
DA:348,1
DA:349,1
DA:350,1
DA:351,1
DA:353,1
DA:354,3
DA:355,1
DA:356,1
DA:361,1
DA:362,1
DA:364,1
DA:365,1
DA:366,1
DA:367,1
DA:368,2
DA:370,1
DA:375,1
DA:376,1
DA:377,2
DA:378,1
DA:379,1
DA:380,1
DA:382,1
DA:384,1
DA:385,1
DA:391,1
DA:394,1
DA:395,1
DA:396,1
DA:398,1
DA:400,1
DA:401,3
DA:402,1
DA:405,1
DA:406,2
DA:408,1
DA:409,1
DA:410,1
DA:411,2
DA:412,1
DA:413,1
DA:414,1
DA:415,0
DA:416,0
DA:417,0
DA:422,1
DA:423,0
DA:424,0
DA:425,0
DA:426,0
DA:427,0
DA:428,0
DA:429,0
DA:430,0
DA:431,0
DA:434,0
DA:435,0
DA:436,0
DA:439,0
DA:447,0
DA:448,0
DA:450,0
DA:451,0
DA:452,0
DA:453,0
DA:455,0
DA:460,1
DA:461,1
DA:462,1
DA:465,1
DA:466,1
DA:467,1
DA:468,1
DA:470,1
DA:471,1
DA:473,1
DA:479,1
DA:480,1
DA:481,2
DA:482,2
DA:483,1
DA:484,1
DA:490,0
DA:494,0
DA:495,0
DA:496,0
DA:497,0
DA:499,0
LF:265
LH:131
end_of_record
SF:lib\ui\onboarding\onboarding_page_1_view.dart
DA:16,3
DA:17,0
DA:18,0
DA:19,0
DA:21,0
DA:25,0
DA:28,0
DA:29,0
DA:30,0
DA:33,0
DA:34,0
DA:37,0
DA:40,0
DA:41,0
DA:44,0
DA:47,0
DA:48,0
DA:51,0
DA:54,0
DA:55,0
DA:58,0
DA:61,0
DA:62,0
DA:65,0
DA:68,0
DA:69,0
DA:74,0
DA:75,0
DA:79,0
DA:80,0
DA:81,0
DA:82,0
DA:83,0
DA:91,0
DA:93,0
DA:94,0
DA:95,0
DA:97,0
DA:98,0
DA:99,0
DA:100,0
DA:101,0
DA:103,0
DA:104,0
DA:105,0
DA:106,0
DA:107,0
DA:108,0
DA:109,0
DA:111,0
DA:112,0
DA:113,0
DA:115,0
DA:116,0
DA:117,0
DA:118,0
DA:119,0
DA:120,0
DA:121,0
DA:122,0
DA:126,0
DA:127,0
DA:128,0
DA:130,0
DA:131,0
DA:133,0
DA:136,0
DA:137,0
DA:138,0
DA:139,0
DA:140,0
DA:141,0
DA:143,0
DA:145,0
DA:146,0
DA:147,0
DA:148,0
DA:149,0
DA:151,0
DA:152,0
DA:153,0
DA:154,0
DA:163,0
DA:164,0
DA:165,0
DA:166,0
DA:167,0
DA:168,0
DA:170,0
DA:171,0
DA:173,0
DA:174,0
DA:176,0
DA:177,0
DA:178,0
DA:179,0
DA:181,0
DA:182,0
DA:184,0
DA:191,0
DA:192,0
DA:193,0
DA:194,0
DA:195,0
DA:196,0
DA:235,0
DA:236,0
LF:107
LH:1
end_of_record
SF:lib\ui\onboarding\onboarding_page_2_view.dart
DA:16,3
DA:20,0
DA:21,0
DA:22,0
DA:24,0
DA:25,0
DA:28,0
DA:31,0
DA:32,0
DA:33,0
DA:35,0
DA:37,0
DA:40,0
DA:41,0
DA:42,0
DA:44,0
DA:45,0
DA:47,0
DA:50,0
DA:51,0
DA:52,0
DA:54,0
DA:57,0
DA:60,0
DA:61,0
DA:62,0
DA:63,0
DA:65,0
DA:66,0
DA:70,0
DA:72,0
DA:74,0
DA:75,0
DA:78,0
DA:80,0
DA:83,0
DA:85,0
DA:88,0
DA:90,0
DA:93,0
DA:97,0
DA:98,0
DA:101,0
DA:103,0
DA:106,0
DA:108,0
DA:111,0
DA:113,0
DA:116,0
DA:118,0
DA:121,0
DA:123,0
DA:126,0
DA:128,0
DA:131,0
DA:135,0
DA:139,0
DA:140,0
DA:141,0
DA:150,0
DA:151,0
DA:152,0
DA:153,0
DA:155,0
DA:156,0
DA:158,0
DA:159,0
DA:160,0
DA:162,0
DA:164,0
DA:166,0
DA:172,0
DA:177,0
DA:178,0
DA:179,0
DA:180,0
DA:181,0
DA:182,0
DA:187,0
DA:188,0
DA:193,0
DA:194,0
DA:199,0
DA:201,0
DA:202,0
DA:203,0
DA:204,0
DA:206,0
DA:207,0
DA:209,0
DA:210,0
DA:212,0
DA:213,0
DA:214,0
DA:215,0
DA:264,0
DA:269,0
DA:270,0
DA:271,0
DA:272,0
DA:273,0
DA:274,0
DA:275,0
DA:280,0
DA:281,0
DA:286,0
DA:287,0
LF:107
LH:1
end_of_record
SF:lib\const\FileStorage.dart
DA:7,0
DA:9,0
DA:10,0
DA:12,0
DA:14,0
DA:15,0
DA:17,0
DA:19,0
DA:22,0
DA:23,0
DA:24,0
DA:28,0
DA:32,0
DA:36,0
DA:37,0
DA:40,0
DA:41,0
DA:44,0
LF:18
LH:0
end_of_record
SF:lib\const\utils.dart
DA:20,3
DA:22,1
DA:27,3
DA:29,1
DA:34,3
DA:36,1
DA:41,3
DA:43,1
DA:48,3
DA:50,1
DA:55,3
DA:57,1
DA:62,3
DA:64,1
DA:69,3
DA:71,1
DA:76,3
DA:78,1
DA:83,0
DA:85,0
DA:90,0
DA:92,0
DA:97,0
DA:99,0
DA:104,0
DA:106,0
DA:111,0
DA:113,0
DA:118,0
DA:120,0
DA:125,0
DA:127,0
DA:132,0
DA:134,0
DA:139,0
DA:141,0
DA:146,0
DA:148,0
DA:153,0
DA:155,0
DA:160,0
DA:162,0
DA:167,0
DA:169,0
LF:44
LH:18
end_of_record
SF:lib\data\models\login_response.dart
DA:12,0
DA:19,0
DA:20,0
DA:22,0
LF:4
LH:0
end_of_record
SF:lib\data\models\login_response.g.dart
DA:9,0
DA:10,0
DA:11,0
DA:12,0
DA:13,0
DA:14,0
DA:17,0
DA:18,0
DA:19,0
DA:20,0
DA:21,0
DA:22,0
LF:12
LH:0
end_of_record
SF:lib\provider\connectivity_provider.dart
DA:9,0
DA:11,1
DA:12,1
DA:15,1
DA:16,1
DA:17,1
DA:19,0
DA:20,0
DA:21,0
DA:25,0
LF:10
LH:5
end_of_record
SF:lib\ui\dashboard\dashboard_mobile\dashboard_mobile.dart
DA:10,0
DA:17,0
DA:19,0
DA:22,0
DA:23,0
DA:24,0
DA:25,0
DA:26,0
DA:27,0
DA:28,0
DA:29,0
DA:30,0
DA:31,0
LF:13
LH:0
end_of_record
SF:lib\ui\dashboard\dashboard_tablet\dashboard_tablet_view.dart
DA:12,0
DA:19,0
DA:21,0
DA:23,0
DA:24,0
DA:25,0
DA:26,0
DA:27,0
DA:28,0
DA:29,0
DA:30,0
DA:31,0
DA:34,0
DA:38,0
LF:14
LH:0
end_of_record
SF:lib\provider\dashboard_view_model.dart
DA:10,0
DA:11,0
DA:12,0
DA:13,0
DA:14,0
DA:16,0
DA:17,0
DA:18,0
DA:21,0
DA:22,0
DA:23,0
DA:26,0
DA:27,0
DA:28,0
DA:31,0
DA:32,0
DA:33,0
DA:36,0
DA:37,0
DA:38,0
LF:20
LH:0
end_of_record
SF:lib\utils\app_config.dart
DA:8,3
DA:10,0
DA:11,0
DA:13,0
DA:14,0
DA:15,0
DA:16,0
DA:17,0
DA:18,0
DA:19,0
DA:20,0
DA:21,0
DA:22,0
DA:23,0
DA:25,0
DA:26,0
DA:27,0
DA:29,0
DA:30,0
DA:32,0
LF:20
LH:1
end_of_record
SF:lib\utils\responsive.dart
DA:9,0
DA:14,0
DA:20,0
DA:22,0
DA:24,0
DA:25,0
DA:28,0
DA:29,0
DA:33,0
LF:9
LH:0
end_of_record
SF:lib\widgets\password_component.dart
DA:7,0
DA:14,0
DA:22,0
DA:24,0
DA:26,0
DA:27,0
DA:29,0
DA:30,0
DA:31,0
DA:32,0
DA:33,0
DA:42,0
DA:43,0
DA:45,0
DA:46,0
DA:48,0
DA:49,0
DA:50,0
DA:51,0
DA:58,0
DA:60,0
DA:61,0
DA:63,0
DA:64,0
DA:65,0
DA:70,0
DA:71,0
DA:73,0
DA:74,0
DA:75,0
DA:76,0
DA:78,0
DA:79,0
DA:80,0
DA:84,0
DA:85,0
DA:87,0
DA:88,0
DA:89,0
DA:90,0
DA:91,0
DA:92,0
DA:93,0
DA:94,0
DA:95,0
DA:101,0
DA:102,0
DA:106,0
DA:107,0
DA:108,0
DA:113,0
DA:114,0
DA:116,0
DA:117,0
DA:118,0
DA:119,0
DA:121,0
DA:123,0
DA:124,0
DA:131,0
DA:132,0
DA:133,0
DA:134,0
LF:63
LH:0
end_of_record
SF:lib\widgets\username_component.dart
DA:10,1
DA:18,1
DA:27,1
DA:29,1
DA:30,1
DA:32,1
DA:33,1
DA:34,1
DA:35,1
DA:36,2
DA:37,1
DA:40,1
DA:41,1
DA:43,1
DA:44,1
DA:45,1
DA:47,1
DA:49,1
DA:50,1
DA:51,1
DA:52,2
DA:53,1
DA:62,1
DA:63,1
DA:65,1
DA:66,1
DA:68,1
DA:69,1
DA:71,1
DA:72,1
DA:73,1
DA:80,1
DA:82,1
DA:83,2
DA:84,1
DA:87,0
DA:88,0
DA:92,1
DA:93,1
DA:95,1
DA:96,1
DA:97,1
DA:98,1
DA:99,1
DA:100,1
DA:101,1
DA:102,1
DA:103,1
DA:109,1
DA:110,1
DA:111,2
DA:112,1
DA:121,1
DA:122,1
DA:123,2
DA:124,1
DA:125,1
DA:126,1
DA:128,1
DA:129,2
DA:130,1
DA:134,2
DA:135,1
DA:145,1
DA:146,1
DA:147,6
DA:148,1
DA:149,2
DA:151,1
DA:152,2
DA:158,1
DA:159,1
DA:160,1
DA:161,1
DA:162,2
DA:163,2
DA:164,0
DA:165,0
DA:166,0
DA:168,1
DA:169,1
DA:170,2
DA:171,1
DA:172,1
DA:173,1
DA:175,1
DA:176,1
DA:177,1
DA:178,1
DA:183,1
DA:184,1
DA:185,1
DA:187,1
DA:188,1
DA:189,1
DA:194,1
DA:195,1
LF:97
LH:92
end_of_record
SF:lib\ui\dashboard\dashboard_mobile\mobile_navbar.dart
DA:8,1
DA:10,0
DA:12,0
DA:13,0
DA:14,0
DA:15,0
DA:16,0
DA:17,0
DA:19,0
DA:20,0
DA:21,0
DA:23,0
DA:25,0
DA:27,0
DA:28,0
DA:29,0
DA:30,0
DA:32,0
DA:33,0
DA:34,0
DA:36,0
DA:38,0
DA:40,0
DA:41,0
DA:42,0
DA:43,0
DA:45,0
DA:46,0
DA:47,0
DA:49,0
DA:51,0
DA:53,0
DA:54,0
DA:55,0
DA:56,0
DA:58,0
DA:59,0
DA:60,0
DA:62,0
DA:64,0
DA:66,0
DA:67,0
DA:68,0
DA:69,0
DA:71,0
LF:45
LH:1
end_of_record
SF:lib\ui\onboarding\widgets\onboarding_page_1_navbar_icon.dart
DA:6,0
DA:15,0
DA:17,0
DA:18,0
DA:19,0
DA:20,0
DA:21,0
DA:22,0
DA:23,0
DA:25,0
LF:10
LH:0
end_of_record
SF:lib\ui\dashboard\dashboard_tablet\tablet_footer.dart
DA:6,1
DA:8,0
DA:10,0
DA:21,0
DA:22,0
DA:24,0
DA:25,0
LF:7
LH:1
end_of_record
SF:lib\ui\dashboard\dashboard_tablet\tablet_header.dart
DA:13,1
DA:15,0
DA:17,0
DA:19,0
DA:21,0
DA:31,0
DA:32,0
DA:33,0
DA:34,0
DA:37,0
DA:38,0
DA:39,0
DA:41,0
DA:43,0
DA:46,0
DA:47,0
DA:49,0
DA:50,0
DA:51,0
DA:52,0
DA:54,0
DA:55,0
DA:57,0
DA:59,0
DA:64,0
DA:65,0
DA:67,0
DA:69,0
DA:72,0
DA:73,0
DA:75,0
DA:76,0
DA:77,0
DA:78,0
DA:80,0
DA:81,0
LF:36
LH:1
end_of_record
SF:lib\ui\dashboard\dashboard_tablet\tablet_navbar.dart
DA:10,1
DA:12,0
DA:14,0
DA:16,0
DA:17,0
DA:18,0
DA:19,0
DA:20,0
DA:22,0
DA:23,0
DA:24,0
DA:25,0
DA:27,0
DA:29,0
DA:32,0
DA:33,0
DA:35,0
DA:36,0
DA:39,0
DA:40,0
DA:42,0
DA:44,0
DA:45,0
DA:47,0
DA:48,0
DA:50,0
DA:52,0
DA:53,0
DA:55,0
DA:56,0
DA:61,0
DA:62,0
DA:63,0
DA:65,0
DA:66,0
DA:69,0
DA:70,0
DA:72,0
DA:73,0
DA:75,0
DA:76,0
DA:77,0
DA:78,0
DA:79,0
DA:80,0
DA:82,0
DA:83,0
DA:85,0
DA:87,0
DA:88,0
DA:90,0
DA:91,0
LF:52
LH:1
end_of_record
SF:lib\ui\onboarding\widgets\onboarding_page_1_card.dart
DA:7,0
DA:16,0
DA:18,0
DA:19,0
DA:20,0
DA:21,0
DA:22,0
DA:23,0
DA:24,0
DA:25,0
DA:27,0
DA:28,0
DA:29,0
DA:30,0
DA:31,0
DA:32,0
DA:34,0
DA:35,0
DA:37,0
DA:38,0
DA:39,0
DA:40,0
DA:41,0
DA:42,0
DA:43,0
LF:25
LH:0
end_of_record
SF:lib\ui\onboarding\widgets\onboarding_page2_card.dart
DA:9,0
DA:18,0
DA:20,0
DA:21,0
DA:22,0
DA:23,0
DA:25,0
DA:27,0
DA:28,0
DA:30,0
DA:32,0
DA:33,0
DA:34,0
DA:39,0
DA:40,0
DA:42,0
DA:43,0
DA:44,0
DA:45,0
DA:46,0
LF:20
LH:0
end_of_record
